[     4.442] (--) Log file renamed from "/home/isard/.local/share/xorg/Xorg.pid-918.log" to "/home/isard/.local/share/xorg/Xorg.0.log"
[     4.443] 
X.Org X Server 1.21.1.4
X Protocol Version 11, Revision 0
[     4.443] Current Operating System: Linux ubuntu 5.19.0-46-generic #47~22.04.1-Ubuntu SMP PREEMPT_DYNAMIC Wed Jun 21 15:35:31 UTC 2 x86_64
[     4.443] Kernel command line: BOOT_IMAGE=/boot/vmlinuz-5.19.0-46-generic root=UUID=82a5964b-83c9-401c-8d33-c1d6eac40810 ro quiet splash vt.handoff=7
[     4.443] xorg-server 2:21.1.4-2ubuntu1.7~22.04.1 (For technical support please see http://www.ubuntu.com/support) 
[     4.443] Current version of pixman: 0.40.0
[     4.443] 	Before reporting problems, check http://wiki.x.org
	to make sure that you have the latest version.
[     4.443] Markers: (--) probed, (**) from config file, (==) default setting,
	(++) from command line, (!!) notice, (II) informational,
	(WW) warning, (EE) error, (NI) not implemented, (??) unknown.
[     4.443] (==) Log file: "/home/isard/.local/share/xorg/Xorg.0.log", Time: Tue Apr  9 16:54:07 2024
[     4.444] (==) Using config file: "/etc/X11/xorg.conf"
[     4.444] (==) Using system config directory "/usr/share/X11/xorg.conf.d"
[     4.447] (==) ServerLayout "Layout0"
[     4.447] (**) |-->Screen "Screen0" (0)
[     4.447] (**) |   |-->Monitor "Monitor0"
[     4.448] (**) |   |-->Device "Device0"
[     4.448] (**) |-->Input Device "Keyboard0"
[     4.448] (**) |-->Input Device "Mouse0"
[     4.448] (==) Automatically adding devices
[     4.448] (==) Automatically enabling devices
[     4.448] (==) Automatically adding GPU devices
[     4.448] (==) Automatically binding GPU devices
[     4.448] (==) Max clients allowed: 256, resource mask: 0x1fffff
[     4.455] (WW) The directory "/usr/share/fonts/X11/cyrillic" does not exist.
[     4.455] 	Entry deleted from font path.
[     4.455] (WW) The directory "/usr/share/fonts/X11/100dpi/" does not exist.
[     4.455] 	Entry deleted from font path.
[     4.455] (WW) The directory "/usr/share/fonts/X11/75dpi/" does not exist.
[     4.455] 	Entry deleted from font path.
[     4.460] (WW) The directory "/usr/share/fonts/X11/100dpi" does not exist.
[     4.460] 	Entry deleted from font path.
[     4.460] (WW) The directory "/usr/share/fonts/X11/75dpi" does not exist.
[     4.460] 	Entry deleted from font path.
[     4.460] (==) FontPath set to:
	/usr/share/fonts/X11/misc,
	/usr/share/fonts/X11/Type1,
	built-ins
[     4.460] (==) ModulePath set to "/usr/lib/xorg/modules"
[     4.460] (WW) Hotplugging is on, devices using drivers 'kbd', 'mouse' or 'vmmouse' will be disabled.
[     4.460] (WW) Disabling Keyboard0
[     4.460] (WW) Disabling Mouse0
[     4.460] (II) Loader magic: 0x55bc7ac20020
[     4.460] (II) Module ABI versions:
[     4.460] 	X.Org ANSI C Emulation: 0.4
[     4.460] 	X.Org Video Driver: 25.2
[     4.460] 	X.Org XInput driver : 24.4
[     4.460] 	X.Org Server Extension : 10.0
[     4.461] (++) using VT number 2

[     4.464] (II) systemd-logind: took control of session /org/freedesktop/login1/session/_31
[     4.465] (II) xfree86: Adding drm device (/dev/dri/card0)
[     4.465] (II) Platform probe for /sys/devices/pci0000:00/0000:00:01.0/drm/card0
[     4.467] (II) systemd-logind: got fd for /dev/dri/card0 226:0 fd 14 paused 0
[     4.470] (--) PCI:*(0@0:1:0) 1b36:0100:1af4:1100 rev 5, Mem @ 0xf0000000/67108864, 0xf4000000/67108864, 0xf9c14000/8192, I/O @ 0x0000c040/32, BIOS @ 0x????????/131072
[     4.470] (II) LoadModule: "glx"
[     4.471] (II) Loading /usr/lib/xorg/modules/extensions/libglx.so
[     4.487] (II) Module glx: vendor="X.Org Foundation"
[     4.487] 	compiled for 1.21.1.4, module version = 1.0.0
[     4.487] 	ABI class: X.Org Server Extension, version 10.0
[     4.487] (==) Matched qxl as autoconfigured driver 0
[     4.487] (==) Matched modesetting as autoconfigured driver 1
[     4.487] (==) Matched fbdev as autoconfigured driver 2
[     4.487] (==) Matched vesa as autoconfigured driver 3
[     4.487] (==) Assigned the driver to the xf86ConfigLayout
[     4.487] (II) LoadModule: "qxl"
[     4.487] (II) Loading /usr/lib/xorg/modules/drivers/qxl_drv.so
[     4.489] (II) Module qxl: vendor="X.Org Foundation"
[     4.489] 	compiled for 1.21.1.3, module version = 0.1.5
[     4.489] 	Module class: X.Org Video Driver
[     4.489] 	ABI class: X.Org Video Driver, version 25.2
[     4.489] (II) LoadModule: "modesetting"
[     4.490] (II) Loading /usr/lib/xorg/modules/drivers/modesetting_drv.so
[     4.494] (II) Module modesetting: vendor="X.Org Foundation"
[     4.494] 	compiled for 1.21.1.4, module version = 1.21.1
[     4.494] 	Module class: X.Org Video Driver
[     4.494] 	ABI class: X.Org Video Driver, version 25.2
[     4.494] (II) LoadModule: "fbdev"
[     4.494] (II) Loading /usr/lib/xorg/modules/drivers/fbdev_drv.so
[     4.497] (II) Module fbdev: vendor="X.Org Foundation"
[     4.497] 	compiled for 1.21.1.3, module version = 0.5.0
[     4.497] 	Module class: X.Org Video Driver
[     4.497] 	ABI class: X.Org Video Driver, version 25.2
[     4.497] (II) LoadModule: "vesa"
[     4.497] (II) Loading /usr/lib/xorg/modules/drivers/vesa_drv.so
[     4.498] (II) Module vesa: vendor="X.Org Foundation"
[     4.498] 	compiled for 1.21.1.3, module version = 2.5.0
[     4.498] 	Module class: X.Org Video Driver
[     4.498] 	ABI class: X.Org Video Driver, version 25.2
[     4.498] (II) qxl: Driver for QXL virtual graphics: QXL 1
[     4.498] (II) modesetting: Driver for Modesetting Kernel Drivers: kms
[     4.498] (II) FBDEV: driver for framebuffer: fbdev
[     4.498] (II) VESA: driver for VESA chipsets: vesa
[     4.498] xf86EnableIO: failed to enable I/O ports 0000-03ff (Operation not permitted)
[     4.498] (II) [KMS] Kernel modesetting enabled.
[     4.498] (WW) Falling back to old probe method for modesetting
[     4.498] (WW) Falling back to old probe method for fbdev
[     4.498] (II) Loading sub module "fbdevhw"
[     4.498] (II) LoadModule: "fbdevhw"
[     4.498] (II) Loading /usr/lib/xorg/modules/libfbdevhw.so
[     4.499] (II) Module fbdevhw: vendor="X.Org Foundation"
[     4.499] 	compiled for 1.21.1.4, module version = 0.0.2
[     4.499] 	ABI class: X.Org Video Driver, version 25.2
[     4.499] (EE) open /dev/fb0: Permission denied
[     4.499] (WW) VGA arbiter: cannot open kernel arbiter, no multi-card support
[     4.499] (**) qxl(0): Depth 24, (--) framebuffer bpp 32
[     4.499] (==) qxl(0): RGB weight 888
[     4.499] (==) qxl(0): Default visual is TrueColor
[     4.499] (==) qxl(0): Using gamma correction (1.0, 1.0, 1.0)
[     4.499] (II) qxl(0): Deferred Frames: Disabled
[     4.499] (II) qxl(0): Offscreen Surfaces: Disabled
[     4.499] (II) qxl(0): Image Cache: Disabled
[     4.499] (II) qxl(0): Fallback Cache: Disabled
[     4.499] (==) qxl(0): DPI set to (96, 96)
[     4.499] (II) Loading sub module "fb"
[     4.499] (II) LoadModule: "fb"
[     4.499] (II) Module "fb" already built-in
[     4.499] (II) Loading sub module "ramdac"
[     4.499] (II) LoadModule: "ramdac"
[     4.499] (II) Module "ramdac" already built-in
[     4.500] (II) qxl(0): Output Virtual-1 using monitor section Monitor0
[     4.500] (II) qxl(0): Output Virtual-2 has no monitor section
[     4.500] (II) qxl(0): Output Virtual-3 has no monitor section
[     4.500] (II) qxl(0): Output Virtual-4 has no monitor section
[     4.500] (II) qxl(0): EDID for output Virtual-1
[     4.500] (II) qxl(0): Printing probed modes for output Virtual-1
[     4.500] (II) qxl(0): Modeline "1024x768"x60.0   65.00  1024 1048 1184 1344  768 771 777 806 -hsync -vsync (48.4 kHz eP)
[     4.500] (II) qxl(0): Modeline "2560x1600"x60.0  348.50  2560 2752 3032 3504  1600 1603 1609 1658 -hsync +vsync (99.5 kHz e)
[     4.500] (II) qxl(0): Modeline "2560x1600"x60.0  268.50  2560 2608 2640 2720  1600 1603 1609 1646 +hsync -vsync (98.7 kHz e)
[     4.500] (II) qxl(0): Modeline "1920x1440"x60.0  234.00  1920 2048 2256 2600  1440 1441 1444 1500 -hsync +vsync (90.0 kHz e)
[     4.500] (II) qxl(0): Modeline "1856x1392"x60.0  218.25  1856 1952 2176 2528  1392 1393 1396 1439 -hsync +vsync (86.3 kHz e)
[     4.500] (II) qxl(0): Modeline "1792x1344"x60.0  204.75  1792 1920 2120 2448  1344 1345 1348 1394 -hsync +vsync (83.6 kHz e)
[     4.500] (II) qxl(0): Modeline "2048x1152"x60.0  162.00  2048 2074 2154 2250  1152 1153 1156 1200 +hsync +vsync (72.0 kHz e)
[     4.500] (II) qxl(0): Modeline "1920x1200"x59.9  193.25  1920 2056 2256 2592  1200 1203 1209 1245 -hsync +vsync (74.6 kHz e)
[     4.500] (II) qxl(0): Modeline "1920x1200"x60.0  154.00  1920 1968 2000 2080  1200 1203 1209 1235 +hsync -vsync (74.0 kHz e)
[     4.500] (II) qxl(0): Modeline "1920x1080"x60.0  148.50  1920 2008 2052 2200  1080 1084 1089 1125 -hsync -vsync (67.5 kHz e)
[     4.500] (II) qxl(0): Modeline "1600x1200"x60.0  162.00  1600 1664 1856 2160  1200 1201 1204 1250 +hsync +vsync (75.0 kHz e)
[     4.500] (II) qxl(0): Modeline "1680x1050"x60.0  146.25  1680 1784 1960 2240  1050 1053 1059 1089 -hsync +vsync (65.3 kHz e)
[     4.500] (II) qxl(0): Modeline "1680x1050"x59.9  119.00  1680 1728 1760 1840  1050 1053 1059 1080 +hsync -vsync (64.7 kHz e)
[     4.500] (II) qxl(0): Modeline "1400x1050"x60.0  121.75  1400 1488 1632 1864  1050 1053 1057 1089 -hsync +vsync (65.3 kHz e)
[     4.500] (II) qxl(0): Modeline "1400x1050"x59.9  101.00  1400 1448 1480 1560  1050 1053 1057 1080 +hsync -vsync (64.7 kHz e)
[     4.500] (II) qxl(0): Modeline "1600x900"x60.0  108.00  1600 1624 1704 1800  900 901 904 1000 +hsync +vsync (60.0 kHz e)
[     4.500] (II) qxl(0): Modeline "1280x1024"x60.0  108.00  1280 1328 1440 1688  1024 1025 1028 1066 +hsync +vsync (64.0 kHz e)
[     4.500] (II) qxl(0): Modeline "1440x900"x59.9  106.50  1440 1520 1672 1904  900 903 909 934 -hsync +vsync (55.9 kHz e)
[     4.500] (II) qxl(0): Modeline "1440x900"x59.9   88.75  1440 1488 1520 1600  900 903 909 926 +hsync -vsync (55.5 kHz e)
[     4.500] (II) qxl(0): Modeline "1280x960"x60.0  108.00  1280 1376 1488 1800  960 961 964 1000 +hsync +vsync (60.0 kHz e)
[     4.500] (II) qxl(0): Modeline "1280x854"x60.0   89.34  1280 1352 1480 1680  854 857 867 887 -hsync +vsync (53.2 kHz)
[     4.500] (II) qxl(0): Modeline "1366x768"x59.8   85.50  1366 1436 1579 1792  768 771 774 798 +hsync +vsync (47.7 kHz e)
[     4.500] (II) qxl(0): Modeline "1366x768"x60.0   72.00  1366 1380 1436 1500  768 769 772 800 +hsync +vsync (48.0 kHz e)
[     4.500] (II) qxl(0): Modeline "1360x768"x60.0   85.50  1360 1424 1536 1792  768 771 777 795 +hsync +vsync (47.7 kHz e)
[     4.500] (II) qxl(0): Modeline "1280x800"x59.8   83.50  1280 1352 1480 1680  800 803 809 831 -hsync +vsync (49.7 kHz e)
[     4.500] (II) qxl(0): Modeline "1280x800"x59.9   71.00  1280 1328 1360 1440  800 803 809 823 +hsync -vsync (49.3 kHz e)
[     4.500] (II) qxl(0): Modeline "1280x768"x59.9   79.50  1280 1344 1472 1664  768 771 778 798 -hsync +vsync (47.8 kHz e)
[     4.500] (II) qxl(0): Modeline "1280x768"x60.0   68.25  1280 1328 1360 1440  768 771 778 790 +hsync -vsync (47.4 kHz e)
[     4.500] (II) qxl(0): Modeline "1280x720"x60.0   74.25  1280 1390 1430 1650  720 725 730 750 +hsync +vsync (45.0 kHz e)
[     4.500] (II) qxl(0): Modeline "1152x768"x59.9   71.95  1152 1216 1328 1504  768 771 781 798 -hsync +vsync (47.8 kHz)
[     4.500] (II) qxl(0): Modeline "800x600"x60.3   40.00  800 840 968 1056  600 601 605 628 +hsync +vsync (37.9 kHz e)
[     4.500] (II) qxl(0): Modeline "800x600"x56.2   36.00  800 824 896 1024  600 601 603 625 +hsync +vsync (35.2 kHz e)
[     4.500] (II) qxl(0): Modeline "848x480"x60.0   33.75  848 864 976 1088  480 486 494 517 +hsync +vsync (31.0 kHz e)
[     4.500] (II) qxl(0): Modeline "720x480"x59.9   26.85  720 744 808 896  480 483 493 500 -hsync +vsync (30.0 kHz)
[     4.500] (II) qxl(0): Modeline "640x480"x59.9   25.18  640 656 752 800  480 490 492 525 -hsync -vsync (31.5 kHz e)
[     4.500] (II) qxl(0): EDID for output Virtual-2
[     4.500] (II) qxl(0): EDID for output Virtual-3
[     4.500] (II) qxl(0): EDID for output Virtual-4
[     4.500] (II) qxl(0): Output Virtual-1 connected
[     4.500] (II) qxl(0): Output Virtual-2 disconnected
[     4.500] (II) qxl(0): Output Virtual-3 disconnected
[     4.500] (II) qxl(0): Output Virtual-4 disconnected
[     4.500] (II) qxl(0): Using exact sizes for initial modes
[     4.500] (II) qxl(0): Output Virtual-1 using initial mode 1024x768 +0+0
[     4.500] (II) qxl(0): PreInit complete
[     4.500] (II) UnloadModule: "modesetting"
[     4.500] (II) Unloading modesetting
[     4.500] (II) UnloadModule: "fbdev"
[     4.500] (II) Unloading fbdev
[     4.500] (II) UnloadSubModule: "fbdevhw"
[     4.500] (II) Unloading fbdevhw
[     4.500] (II) UnloadModule: "vesa"
[     4.500] (II) Unloading vesa
[     4.505] (II) UXA(0): Driver registered support for the following operations:
[     4.505] (II)         solid
[     4.505] (II)         copy
[     4.505] (II)         composite (RENDER acceleration)
[     4.505] (II)         put_image
[     4.507] resizing primary to 1024x768
[     4.507] primary is 0x55bc7bfc88c0
[     4.627] (II) Initializing extension Generic Event Extension
[     4.627] (II) Initializing extension SHAPE
[     4.627] (II) Initializing extension MIT-SHM
[     4.627] (II) Initializing extension XInputExtension
[     4.629] (II) Initializing extension XTEST
[     4.629] (II) Initializing extension BIG-REQUESTS
[     4.629] (II) Initializing extension SYNC
[     4.629] (II) Initializing extension XKEYBOARD
[     4.629] (II) Initializing extension XC-MISC
[     4.629] (II) Initializing extension SECURITY
[     4.629] (II) Initializing extension XFIXES
[     4.629] (II) Initializing extension RENDER
[     4.629] (II) Initializing extension RANDR
[     4.629] (II) Initializing extension COMPOSITE
[     4.629] (II) Initializing extension DAMAGE
[     4.629] (II) Initializing extension MIT-SCREEN-SAVER
[     4.630] (II) Initializing extension DOUBLE-BUFFER
[     4.630] (II) Initializing extension RECORD
[     4.630] (II) Initializing extension DPMS
[     4.630] (II) Initializing extension Present
[     4.630] (II) Initializing extension DRI3
[     4.630] (II) Initializing extension X-Resource
[     4.630] (II) Initializing extension XVideo
[     4.630] (II) Initializing extension XVideo-MotionCompensation
[     4.630] (II) Initializing extension SELinux
[     4.630] (II) SELinux: Disabled on system
[     4.630] (II) Initializing extension GLX
[     4.630] (II) AIGLX: Screen 0 is not DRI2 capable
[     5.279] (II) IGLX: Loaded and initialized swrast
[     5.279] (II) GLX: Initialized DRISWRAST GL provider for screen 0
[     5.279] (II) Initializing extension XFree86-VidModeExtension
[     5.279] (II) Initializing extension XFree86-DGA
[     5.279] (II) Initializing extension XFree86-DRI
[     5.279] (II) Initializing extension DRI2
[     5.279] (II) qxl(0): Setting screen physical size to 270 x 203
[     5.349] (II) config/udev: Adding input device Power Button (/dev/input/event0)
[     5.349] (**) Power Button: Applying InputClass "libinput keyboard catchall"
[     5.349] (II) LoadModule: "libinput"
[     5.349] (II) Loading /usr/lib/xorg/modules/input/libinput_drv.so
[     5.357] (II) Module libinput: vendor="X.Org Foundation"
[     5.357] 	compiled for 1.20.14, module version = 1.2.1
[     5.357] 	Module class: X.Org XInput Driver
[     5.357] 	ABI class: X.Org XInput driver, version 24.1
[     5.357] (II) Using input driver 'libinput' for 'Power Button'
[     5.359] (II) systemd-logind: got fd for /dev/input/event0 13:64 fd 22 paused 0
[     5.359] (**) Power Button: always reports core events
[     5.359] (**) Option "Device" "/dev/input/event0"
[     5.369] (II) event0  - Power Button: is tagged by udev as: Keyboard
[     5.369] (II) event0  - Power Button: device is a keyboard
[     5.369] (II) event0  - Power Button: device removed
[     5.369] (**) Option "config_info" "udev:/sys/devices/LNXSYSTM:00/LNXPWRBN:00/input/input0/event0"
[     5.369] (II) XINPUT: Adding extended input device "Power Button" (type: KEYBOARD, id 6)
[     5.369] (**) Option "xkb_model" "pc105"
[     5.369] (**) Option "xkb_layout" "es"
[     5.384] (II) event0  - Power Button: is tagged by udev as: Keyboard
[     5.385] (II) event0  - Power Button: device is a keyboard
[     5.385] (II) config/udev: Adding input device QEMU QEMU USB Tablet (/dev/input/event2)
[     5.386] (**) QEMU QEMU USB Tablet: Applying InputClass "libinput pointer catchall"
[     5.386] (II) Using input driver 'libinput' for 'QEMU QEMU USB Tablet'
[     5.447] (II) systemd-logind: got fd for /dev/input/event2 13:66 fd 25 paused 0
[     5.447] (**) QEMU QEMU USB Tablet: always reports core events
[     5.447] (**) Option "Device" "/dev/input/event2"
[     5.448] (II) event2  - QEMU QEMU USB Tablet: is tagged by udev as: Mouse
[     5.448] (II) event2  - QEMU QEMU USB Tablet: device is a pointer
[     5.448] (II) event2  - QEMU QEMU USB Tablet: device removed
[     5.448] (**) Option "config_info" "udev:/sys/devices/pci0000:00/0000:00:02.2/0000:03:00.0/usb1/1-1/1-1:1.0/0003:0627:0001.0001/input/input4/event2"
[     5.448] (II) XINPUT: Adding extended input device "QEMU QEMU USB Tablet" (type: MOUSE, id 7)
[     5.448] (**) Option "AccelerationScheme" "none"
[     5.448] (**) QEMU QEMU USB Tablet: (accel) selected scheme none/0
[     5.448] (**) QEMU QEMU USB Tablet: (accel) acceleration factor: 2.000
[     5.448] (**) QEMU QEMU USB Tablet: (accel) acceleration threshold: 4
[     5.449] (II) event2  - QEMU QEMU USB Tablet: is tagged by udev as: Mouse
[     5.449] (II) event2  - QEMU QEMU USB Tablet: device is a pointer
[     5.450] (II) config/udev: Adding input device QEMU QEMU USB Tablet (/dev/input/mouse0)
[     5.450] (II) No input driver specified, ignoring this device.
[     5.450] (II) This device may have been added with another device file.
[     5.451] (II) config/udev: Adding input device AT Translated Set 2 keyboard (/dev/input/event1)
[     5.451] (**) AT Translated Set 2 keyboard: Applying InputClass "libinput keyboard catchall"
[     5.451] (II) Using input driver 'libinput' for 'AT Translated Set 2 keyboard'
[     5.452] (II) systemd-logind: got fd for /dev/input/event1 13:65 fd 26 paused 0
[     5.452] (**) AT Translated Set 2 keyboard: always reports core events
[     5.452] (**) Option "Device" "/dev/input/event1"
[     5.453] (II) event1  - AT Translated Set 2 keyboard: is tagged by udev as: Keyboard
[     5.453] (II) event1  - AT Translated Set 2 keyboard: device is a keyboard
[     5.453] (II) event1  - AT Translated Set 2 keyboard: device removed
[     5.454] (**) Option "config_info" "udev:/sys/devices/platform/i8042/serio0/input/input1/event1"
[     5.454] (II) XINPUT: Adding extended input device "AT Translated Set 2 keyboard" (type: KEYBOARD, id 8)
[     5.454] (**) Option "xkb_model" "pc105"
[     5.454] (**) Option "xkb_layout" "es"
[     5.454] (II) event1  - AT Translated Set 2 keyboard: is tagged by udev as: Keyboard
[     5.455] (II) event1  - AT Translated Set 2 keyboard: device is a keyboard
[     5.455] (II) config/udev: Adding input device ImExPS/2 Generic Explorer Mouse (/dev/input/event3)
[     5.455] (**) ImExPS/2 Generic Explorer Mouse: Applying InputClass "libinput pointer catchall"
[     5.455] (II) Using input driver 'libinput' for 'ImExPS/2 Generic Explorer Mouse'
[     5.456] (II) systemd-logind: got fd for /dev/input/event3 13:67 fd 27 paused 0
[     5.456] (**) ImExPS/2 Generic Explorer Mouse: always reports core events
[     5.456] (**) Option "Device" "/dev/input/event3"
[     5.457] (II) event3  - ImExPS/2 Generic Explorer Mouse: is tagged by udev as: Mouse
[     5.457] (II) event3  - ImExPS/2 Generic Explorer Mouse: device is a pointer
[     5.457] (II) event3  - ImExPS/2 Generic Explorer Mouse: device removed
[     5.457] (**) Option "config_info" "udev:/sys/devices/platform/i8042/serio1/input/input3/event3"
[     5.457] (II) XINPUT: Adding extended input device "ImExPS/2 Generic Explorer Mouse" (type: MOUSE, id 9)
[     5.457] (**) Option "AccelerationScheme" "none"
[     5.457] (**) ImExPS/2 Generic Explorer Mouse: (accel) selected scheme none/0
[     5.457] (**) ImExPS/2 Generic Explorer Mouse: (accel) acceleration factor: 2.000
[     5.457] (**) ImExPS/2 Generic Explorer Mouse: (accel) acceleration threshold: 4
[     5.458] (II) event3  - ImExPS/2 Generic Explorer Mouse: is tagged by udev as: Mouse
[     5.458] (II) event3  - ImExPS/2 Generic Explorer Mouse: device is a pointer
[     5.459] (II) config/udev: Adding input device ImExPS/2 Generic Explorer Mouse (/dev/input/mouse1)
[     5.459] (II) No input driver specified, ignoring this device.
[     5.459] (II) This device may have been added with another device file.
[     7.662] (II) config/udev: Adding input device spice vdagent tablet (/dev/input/mouse2)
[     7.662] (II) No input driver specified, ignoring this device.
[     7.662] (II) This device may have been added with another device file.
[     7.664] (II) config/udev: Adding input device spice vdagent tablet (/dev/input/js0)
[     7.664] (II) No input driver specified, ignoring this device.
[     7.664] (II) This device may have been added with another device file.
[     7.719] (II) config/udev: Adding input device spice vdagent tablet (/dev/input/event4)
[     7.719] (**) spice vdagent tablet: Applying InputClass "libinput pointer catchall"
[     7.719] (II) Using input driver 'libinput' for 'spice vdagent tablet'
[     7.742] (II) systemd-logind: got fd for /dev/input/event4 13:68 fd 41 paused 0
[     7.742] (**) spice vdagent tablet: always reports core events
[     7.743] (**) Option "Device" "/dev/input/event4"
[     7.743] (II) event4  - spice vdagent tablet: is tagged by udev as: Mouse
[     7.743] (II) event4  - spice vdagent tablet: device is a pointer
[     7.743] (II) event4  - spice vdagent tablet: device removed
[     7.743] (**) Option "config_info" "udev:/sys/devices/virtual/input/input5/event4"
[     7.743] (II) XINPUT: Adding extended input device "spice vdagent tablet" (type: MOUSE, id 10)
[     7.743] (**) Option "AccelerationScheme" "none"
[     7.743] (**) spice vdagent tablet: (accel) selected scheme none/0
[     7.743] (**) spice vdagent tablet: (accel) acceleration factor: 2.000
[     7.743] (**) spice vdagent tablet: (accel) acceleration threshold: 4
[     7.744] (II) event4  - spice vdagent tablet: is tagged by udev as: Mouse
[     7.744] (II) event4  - spice vdagent tablet: device is a pointer
[     7.756] (II) qxl(0): Allocate new frame buffer 1846x951 stride
[     8.591] (II) config/udev: removing device spice vdagent tablet
[     8.591] (**) Option "fd" "41"
[     8.591] (II) event4  - spice vdagent tablet: device removed
[     8.592] (II) UnloadModule: "libinput"
[     8.592] (II) systemd-logind: releasing fd for 13:68
[     8.646] (II) config/udev: Adding input device spice vdagent tablet (/dev/input/mouse2)
[     8.646] (II) No input driver specified, ignoring this device.
[     8.646] (II) This device may have been added with another device file.
[     8.651] (II) config/udev: Adding input device spice vdagent tablet (/dev/input/js0)
[     8.651] (II) No input driver specified, ignoring this device.
[     8.651] (II) This device may have been added with another device file.
[     8.723] (II) config/udev: Adding input device spice vdagent tablet (/dev/input/event4)
[     8.723] (**) spice vdagent tablet: Applying InputClass "libinput pointer catchall"
[     8.723] (II) Using input driver 'libinput' for 'spice vdagent tablet'
[     8.755] (II) systemd-logind: got fd for /dev/input/event4 13:68 fd 42 paused 0
[     8.755] (**) spice vdagent tablet: always reports core events
[     8.755] (**) Option "Device" "/dev/input/event4"
[     8.756] (II) event4  - spice vdagent tablet: is tagged by udev as: Mouse
[     8.756] (II) event4  - spice vdagent tablet: device is a pointer
[     8.756] (II) event4  - spice vdagent tablet: device removed
[     8.756] (**) Option "config_info" "udev:/sys/devices/virtual/input/input6/event4"
[     8.756] (II) XINPUT: Adding extended input device "spice vdagent tablet" (type: MOUSE, id 10)
[     8.756] (**) Option "AccelerationScheme" "none"
[     8.756] (**) spice vdagent tablet: (accel) selected scheme none/0
[     8.756] (**) spice vdagent tablet: (accel) acceleration factor: 2.000
[     8.756] (**) spice vdagent tablet: (accel) acceleration threshold: 4
[     8.756] (II) event4  - spice vdagent tablet: is tagged by udev as: Mouse
[     8.757] (II) event4  - spice vdagent tablet: device is a pointer
